This file contains any messages produced by compilers while
running configure, to aid debugging if configure makes a mistake.

It was created by configure, which was
generated by GNU Autoconf 2.69.  Invocation command line was

  $ ./configure --enable-memcache --with-php-config=/usr/bin/php-config -with-zlib-dir

## --------- ##
## Platform. ##
## --------- ##

hostname = backupnfs
uname -m = x86_64
uname -r = 3.10.0-229.el7.x86_64
uname -s = Linux
uname -v = #1 SMP Thu Jan 29 18:37:38 EST 2015

/usr/bin/uname -p = x86_64
/bin/uname -X     = unknown

/bin/arch              = x86_64
/usr/bin/arch -k       = unknown
/usr/convex/getsysinfo = unknown
/usr/bin/hostinfo      = unknown
/bin/machine           = unknown
/usr/bin/oslevel       = unknown
/bin/universe          = unknown

PATH: /usr/local/sbin
PATH: /usr/local/bin
PATH: /usr/sbin
PATH: /usr/bin
PATH: /root/bin
PATH: /usr/java/jdk1.7.0_79/bin
PATH: /usr/java/jdk1.7.0_79/bin
PATH: /usr/local/sbin
PATH: /usr/local/bin
PATH: /sbin
PATH: /bin
PATH: /usr/sbin
PATH: /usr/bin


## ----------- ##
## Core tests. ##
## ----------- ##

configure:2083: checking for grep that handles long lines and -e
configure:2141: result: /usr/bin/grep
configure:2146: checking for egrep
configure:2208: result: /usr/bin/grep -E
configure:2213: checking for a sed that does not truncate output
configure:2277: result: /usr/bin/sed
configure:2411: checking for cc
configure:2427: found /usr/bin/cc
configure:2438: result: cc
configure:2469: checking for C compiler version
configure:2478: cc --version >&5
cc (GCC) 4.8.5 20150623 (Red Hat 4.8.5-4)
Copyright (C) 2015 Free Software Foundation, Inc.
This is free software; see the source for copying conditions.  There is NO
warranty; not even for MERCHANTABILITY or FITNESS FOR A PARTICULAR PURPOSE.

configure:2489: $? = 0
configure:2478: cc -v >&5
Using built-in specs.
COLLECT_GCC=cc
COLLECT_LTO_WRAPPER=/usr/libexec/gcc/x86_64-redhat-linux/4.8.5/lto-wrapper
Target: x86_64-redhat-linux
Configured with: ../configure --prefix=/usr --mandir=/usr/share/man --infodir=/usr/share/info --with-bugurl=http://bugzilla.redhat.com/bugzilla --enable-bootstrap --enable-shared --enable-threads=posix --enable-checking=release --with-system-zlib --enable-__cxa_atexit --disable-libunwind-exceptions --enable-gnu-unique-object --enable-linker-build-id --with-linker-hash-style=gnu --enable-languages=c,c++,objc,obj-c++,java,fortran,ada,go,lto --enable-plugin --enable-initfini-array --disable-libgcj --with-isl=/builddir/build/BUILD/gcc-4.8.5-20150702/obj-x86_64-redhat-linux/isl-install --with-cloog=/builddir/build/BUILD/gcc-4.8.5-20150702/obj-x86_64-redhat-linux/cloog-install --enable-gnu-indirect-function --with-tune=generic --with-arch_32=x86-64 --build=x86_64-redhat-linux
Thread model: posix
gcc version 4.8.5 20150623 (Red Hat 4.8.5-4) (GCC) 
configure:2489: $? = 0
configure:2478: cc -V >&5
cc: error: unrecognized command line option '-V'
cc: fatal error: no input files
compilation terminated.
configure:2489: $? = 4
configure:2478: cc -qversion >&5
cc: error: unrecognized command line option '-qversion'
cc: fatal error: no input files
compilation terminated.
configure:2489: $? = 4
configure:2509: checking whether the C compiler works
configure:2531: cc    conftest.c  >&5
configure:2535: $? = 0
configure:2583: result: yes
configure:2586: checking for C compiler default output file name
configure:2588: result: a.out
configure:2594: checking for suffix of executables
configure:2601: cc -o conftest    conftest.c  >&5
configure:2605: $? = 0
configure:2627: result: 
configure:2649: checking whether we are cross compiling
configure:2657: cc -o conftest    conftest.c  >&5
configure:2661: $? = 0
configure:2668: ./conftest
configure:2672: $? = 0
configure:2687: result: no
configure:2692: checking for suffix of object files
configure:2714: cc -c   conftest.c >&5
configure:2718: $? = 0
configure:2739: result: o
configure:2743: checking whether we are using the GNU C compiler
configure:2762: cc -c   conftest.c >&5
configure:2762: $? = 0
configure:2771: result: yes
configure:2780: checking whether cc accepts -g
configure:2800: cc -c -g  conftest.c >&5
configure:2800: $? = 0
configure:2841: result: yes
configure:2858: checking for cc option to accept ISO C89
configure:2921: cc  -c -g -O2  conftest.c >&5
configure:2921: $? = 0
configure:2934: result: none needed
configure:2960: checking how to run the C preprocessor
configure:2991: cc -E  conftest.c
configure:2991: $? = 0
configure:3005: cc -E  conftest.c
conftest.c:9:28: fatal error: ac_nonexistent.h: No such file or directory
 #include <ac_nonexistent.h>
                            ^
compilation terminated.
configure:3005: $? = 1
configure: failed program was:
| /* confdefs.h */
| #define PACKAGE_NAME ""
| #define PACKAGE_TARNAME ""
| #define PACKAGE_VERSION ""
| #define PACKAGE_STRING ""
| #define PACKAGE_BUGREPORT ""
| #define PACKAGE_URL ""
| /* end confdefs.h.  */
| #include <ac_nonexistent.h>
configure:3030: result: cc -E
configure:3050: cc -E  conftest.c
configure:3050: $? = 0
configure:3064: cc -E  conftest.c
conftest.c:9:28: fatal error: ac_nonexistent.h: No such file or directory
 #include <ac_nonexistent.h>
                            ^
compilation terminated.
configure:3064: $? = 1
configure: failed program was:
| /* confdefs.h */
| #define PACKAGE_NAME ""
| #define PACKAGE_TARNAME ""
| #define PACKAGE_VERSION ""
| #define PACKAGE_STRING ""
| #define PACKAGE_BUGREPORT ""
| #define PACKAGE_URL ""
| /* end confdefs.h.  */
| #include <ac_nonexistent.h>
configure:3095: checking for icc
configure:3104: result: no
configure:3118: checking for suncc
configure:3127: result: no
configure:3145: checking whether cc understands -c and -o together
configure:3173: cc -c conftest.c -o conftest2.o >&5
configure:3177: $? = 0
configure:3183: cc -c conftest.c -o conftest2.o >&5
configure:3187: $? = 0
configure:3242: result: yes
configure:3256: checking for system library directory
configure:3271: result: lib
configure:3278: checking if compiler supports -R
configure:3297: cc -o conftest -g -O2   conftest.c -R /usr/lib  >&5
cc: error: unrecognized command line option '-R'
configure:3297: $? = 1
configure: failed program was:
| /* confdefs.h */
| #define PACKAGE_NAME ""
| #define PACKAGE_TARNAME ""
| #define PACKAGE_VERSION ""
| #define PACKAGE_STRING ""
| #define PACKAGE_BUGREPORT ""
| #define PACKAGE_URL ""
| /* end confdefs.h.  */
| 
| int
| main ()
| {
| 
|   ;
|   return 0;
| }
configure:3307: result: no
configure:3312: checking if compiler supports -Wl,-rpath,
configure:3331: cc -o conftest -g -O2   conftest.c -Wl,-rpath,/usr/lib  >&5
configure:3331: $? = 0
configure:3341: result: yes
configure:3386: checking build system type
configure:3400: result: x86_64-unknown-linux-gnu
configure:3420: checking host system type
configure:3433: result: x86_64-unknown-linux-gnu
configure:3453: checking target system type
configure:3466: result: x86_64-unknown-linux-gnu
configure:3569: checking for PHP prefix
configure:3571: result: /usr
configure:3573: checking for PHP includes
configure:3575: result: -I/usr/include/php -I/usr/include/php/main -I/usr/include/php/TSRM -I/usr/include/php/Zend -I/usr/include/php/ext -I/usr/include/php/ext/date/lib
configure:3577: checking for PHP extension directory
configure:3579: result: /usr/lib64/php/modules
configure:3581: checking for PHP installed headers prefix
configure:3583: result: /usr/include/php
configure:3586: checking if debug is enabled
configure:3612: result: no
configure:3615: checking if zts is enabled
configure:3641: result: no
configure:3712: checking for re2c
configure:3742: result: no
configure:3767: WARNING: You will need re2c 0.13.4 or later if you want to regenerate PHP parsers.
configure:3781: checking for gawk
configure:3798: found /usr/bin/gawk
configure:3809: result: gawk
configure:3854: checking whether to enable memcache support
configure:3893: result: yes, shared
configure:3902: checking whether to enable memcache session handler support
configure:3916: result: yes
configure:3926: checking for the location of ZLIB
configure:3941: result: yes
configure:3986: checking for the location of zlib
configure:3991: result: /usr
configure:4224: checking for session includes
configure:4245: result: /usr/include/php
configure:4250: checking for memcache session support
configure:4253: result: enabled
configure:4940: checking how to print strings
configure:4967: result: printf
configure:4988: checking for a sed that does not truncate output
configure:5052: result: /usr/bin/sed
configure:5070: checking for fgrep
configure:5132: result: /usr/bin/grep -F
configure:5167: checking for ld used by cc
configure:5234: result: /usr/bin/ld
configure:5241: checking if the linker (/usr/bin/ld) is GNU ld
configure:5256: result: yes
configure:5268: checking for BSD- or MS-compatible name lister (nm)
configure:5317: result: /usr/bin/nm -B
configure:5447: checking the name lister (/usr/bin/nm -B) interface
configure:5454: cc -c -g -O2  conftest.c >&5
configure:5457: /usr/bin/nm -B "conftest.o"
configure:5460: output
0000000000000000 B some_variable
configure:5467: result: BSD nm
configure:5470: checking whether ln -s works
configure:5474: result: yes
configure:5482: checking the maximum length of command line arguments
configure:5612: result: 1572864
configure:5629: checking whether the shell understands some XSI constructs
configure:5639: result: yes
configure:5643: checking whether the shell understands "+="
configure:5649: result: yes
configure:5684: checking how to convert x86_64-unknown-linux-gnu file names to x86_64-unknown-linux-gnu format
configure:5724: result: func_convert_file_noop
configure:5731: checking how to convert x86_64-unknown-linux-gnu file names to toolchain format
configure:5751: result: func_convert_file_noop
configure:5758: checking for /usr/bin/ld option to reload object files
configure:5765: result: -r
configure:5839: checking for objdump
configure:5855: found /usr/bin/objdump
configure:5866: result: objdump
configure:5898: checking how to recognize dependent libraries
configure:6100: result: pass_all
configure:6185: checking for dlltool
configure:6215: result: no
configure:6245: checking how to associate runtime and link libraries
configure:6272: result: printf %s\n
configure:6332: checking for ar
configure:6348: found /usr/bin/ar
configure:6359: result: ar
configure:6396: checking for archiver @FILE support
configure:6413: cc -c -g -O2  conftest.c >&5
configure:6413: $? = 0
configure:6416: ar cru libconftest.a @conftest.lst >&5
configure:6419: $? = 0
configure:6424: ar cru libconftest.a @conftest.lst >&5
ar: conftest.o: No such file or directory
configure:6427: $? = 1
configure:6439: result: @
configure:6497: checking for strip
configure:6513: found /usr/bin/strip
configure:6524: result: strip
configure:6596: checking for ranlib
configure:6612: found /usr/bin/ranlib
configure:6623: result: ranlib
configure:6700: checking for gawk
configure:6727: result: gawk
configure:6767: checking command to parse /usr/bin/nm -B output from cc object
configure:6887: cc -c -g -O2  conftest.c >&5
configure:6890: $? = 0
configure:6894: /usr/bin/nm -B conftest.o \| sed -n -e 's/^.*[ ]\([ABCDGIRSTW][ABCDGIRSTW]*\)[ ][ ]*\([_A-Za-z][_A-Za-z0-9]*\)$/\1 \2 \2/p' | sed '/ __gnu_lto/d' \> conftest.nm
configure:6897: $? = 0
configure:6963: cc -o conftest -g -O2   conftest.c conftstm.o >&5
configure:6966: $? = 0
configure:7004: result: ok
configure:7041: checking for sysroot
configure:7071: result: no
configure:7148: cc -c -g -O2  conftest.c >&5
configure:7151: $? = 0
configure:7327: checking for mt
configure:7357: result: no
configure:7377: checking if : is a manifest tool
configure:7383: : '-?'
configure:7391: result: no
configure:8028: checking for ANSI C header files
configure:8048: cc -c -g -O2  conftest.c >&5
configure:8048: $? = 0
configure:8121: cc -o conftest -g -O2   conftest.c  >&5
configure:8121: $? = 0
configure:8121: ./conftest
configure:8121: $? = 0
configure:8132: result: yes
configure:8145: checking for sys/types.h
configure:8145: cc -c -g -O2  conftest.c >&5
configure:8145: $? = 0
configure:8145: result: yes
configure:8145: checking for sys/stat.h
configure:8145: cc -c -g -O2  conftest.c >&5
configure:8145: $? = 0
configure:8145: result: yes
configure:8145: checking for stdlib.h
configure:8145: cc -c -g -O2  conftest.c >&5
configure:8145: $? = 0
configure:8145: result: yes
configure:8145: checking for string.h
configure:8145: cc -c -g -O2  conftest.c >&5
configure:8145: $? = 0
configure:8145: result: yes
configure:8145: checking for memory.h
configure:8145: cc -c -g -O2  conftest.c >&5
configure:8145: $? = 0
configure:8145: result: yes
configure:8145: checking for strings.h
configure:8145: cc -c -g -O2  conftest.c >&5
configure:8145: $? = 0
configure:8145: result: yes
configure:8145: checking for inttypes.h
configure:8145: cc -c -g -O2  conftest.c >&5
configure:8145: $? = 0
configure:8145: result: yes
configure:8145: checking for stdint.h
configure:8145: cc -c -g -O2  conftest.c >&5
configure:8145: $? = 0
configure:8145: result: yes
configure:8145: checking for unistd.h
configure:8145: cc -c -g -O2  conftest.c >&5
configure:8145: $? = 0
configure:8145: result: yes
configure:8159: checking for dlfcn.h
configure:8159: cc -c -g -O2  conftest.c >&5
configure:8159: $? = 0
configure:8159: result: yes
configure:8365: checking for objdir
configure:8380: result: .libs
configure:8651: checking if cc supports -fno-rtti -fno-exceptions
configure:8669: cc -c -g -O2  -fno-rtti -fno-exceptions conftest.c >&5
cc1: warning: command line option '-fno-rtti' is valid for C++/ObjC++ but not for C [enabled by default]
configure:8673: $? = 0
configure:8686: result: no
configure:9013: checking for cc option to produce PIC
configure:9020: result: -fPIC -DPIC
configure:9028: checking if cc PIC flag -fPIC -DPIC works
configure:9046: cc -c -g -O2  -fPIC -DPIC -DPIC conftest.c >&5
configure:9050: $? = 0
configure:9063: result: yes
configure:9092: checking if cc static flag -static works
configure:9120: result: no
configure:9135: checking if cc supports -c -o file.o
configure:9156: cc -c -g -O2  -o out/conftest2.o conftest.c >&5
configure:9160: $? = 0
configure:9182: result: yes
configure:9190: checking if cc supports -c -o file.o
configure:9237: result: yes
configure:9270: checking whether the cc linker (/usr/bin/ld -m elf_x86_64) supports shared libraries
configure:10423: result: yes
configure:10460: checking whether -lc should be explicitly linked in
configure:10468: cc -c -g -O2  conftest.c >&5
configure:10471: $? = 0
configure:10486: cc -shared  -fPIC -DPIC conftest.o  -v -Wl,-soname -Wl,conftest -o conftest 2\>\&1 \| /usr/bin/grep  -lc  \>/dev/null 2\>\&1
configure:10489: $? = 0
configure:10503: result: no
configure:10663: checking dynamic linker characteristics
configure:11174: cc -o conftest -g -O2   -Wl,-rpath -Wl,/foo conftest.c  >&5
configure:11174: $? = 0
configure:11400: result: GNU/Linux ld.so
configure:11507: checking how to hardcode library paths into programs
configure:11532: result: immediate
configure:12072: checking whether stripping libraries is possible
configure:12077: result: yes
configure:12112: checking if libtool supports shared libraries
configure:12114: result: yes
configure:12117: checking whether to build shared libraries
configure:12138: result: yes
configure:12141: checking whether to build static libraries
configure:12145: result: no
configure:12421: creating ./config.status

## ---------------------- ##
## Running config.status. ##
## ---------------------- ##

This file was extended by config.status, which was
generated by GNU Autoconf 2.69.  Invocation command line was

  CONFIG_FILES    = 
  CONFIG_HEADERS  = 
  CONFIG_LINKS    = 
  CONFIG_COMMANDS = 
  $ ./config.status 

on backupnfs

config.status:888: creating config.h
config.status:992: executing libtool commands

## ---------------- ##
## Cache variables. ##
## ---------------- ##

ac_cv_build=x86_64-unknown-linux-gnu
ac_cv_c_compiler_gnu=yes
ac_cv_env_CC_set=
ac_cv_env_CC_value=
ac_cv_env_CFLAGS_set=
ac_cv_env_CFLAGS_value=
ac_cv_env_CPPFLAGS_set=
ac_cv_env_CPPFLAGS_value=
ac_cv_env_CPP_set=
ac_cv_env_CPP_value=
ac_cv_env_LDFLAGS_set=
ac_cv_env_LDFLAGS_value=
ac_cv_env_LIBS_set=
ac_cv_env_LIBS_value=
ac_cv_env_build_alias_set=
ac_cv_env_build_alias_value=
ac_cv_env_host_alias_set=
ac_cv_env_host_alias_value=
ac_cv_env_target_alias_set=
ac_cv_env_target_alias_value=
ac_cv_header_dlfcn_h=yes
ac_cv_header_inttypes_h=yes
ac_cv_header_memory_h=yes
ac_cv_header_stdc=yes
ac_cv_header_stdint_h=yes
ac_cv_header_stdlib_h=yes
ac_cv_header_string_h=yes
ac_cv_header_strings_h=yes
ac_cv_header_sys_stat_h=yes
ac_cv_header_sys_types_h=yes
ac_cv_header_unistd_h=yes
ac_cv_host=x86_64-unknown-linux-gnu
ac_cv_objext=o
ac_cv_path_EGREP='/usr/bin/grep -E'
ac_cv_path_FGREP='/usr/bin/grep -F'
ac_cv_path_GREP=/usr/bin/grep
ac_cv_path_SED=/usr/bin/sed
ac_cv_prog_AWK=gawk
ac_cv_prog_CPP='cc -E'
ac_cv_prog_ac_ct_AR=ar
ac_cv_prog_ac_ct_CC=cc
ac_cv_prog_ac_ct_OBJDUMP=objdump
ac_cv_prog_ac_ct_RANLIB=ranlib
ac_cv_prog_ac_ct_STRIP=strip
ac_cv_prog_cc_c89=
ac_cv_prog_cc_cc_c_o=yes
ac_cv_prog_cc_g=yes
ac_cv_target=x86_64-unknown-linux-gnu
lt_cv_ar_at_file=@
lt_cv_archive_cmds_need_lc=no
lt_cv_deplibs_check_method=pass_all
lt_cv_file_magic_cmd='$MAGIC_CMD'
lt_cv_file_magic_test_file=
lt_cv_ld_reload_flag=-r
lt_cv_nm_interface='BSD nm'
lt_cv_objdir=.libs
lt_cv_path_LD=/usr/bin/ld
lt_cv_path_NM='/usr/bin/nm -B'
lt_cv_path_mainfest_tool=no
lt_cv_prog_compiler_c_o=yes
lt_cv_prog_compiler_pic='-fPIC -DPIC'
lt_cv_prog_compiler_pic_works=yes
lt_cv_prog_compiler_rtti_exceptions=no
lt_cv_prog_compiler_static_works=no
lt_cv_prog_gnu_ld=yes
lt_cv_sharedlib_from_linklib_cmd='printf %s\n'
lt_cv_shlibpath_overrides_runpath=no
lt_cv_sys_global_symbol_pipe='sed -n -e '\''s/^.*[	 ]\([ABCDGIRSTW][ABCDGIRSTW]*\)[	 ][	 ]*\([_A-Za-z][_A-Za-z0-9]*\)$/\1 \2 \2/p'\'' | sed '\''/ __gnu_lto/d'\'''
lt_cv_sys_global_symbol_to_c_name_address='sed -n -e '\''s/^: \([^ ]*\)[ ]*$/  {\"\1\", (void *) 0},/p'\'' -e '\''s/^[ABCDGIRSTW]* \([^ ]*\) \([^ ]*\)$/  {"\2", (void *) \&\2},/p'\'''
lt_cv_sys_global_symbol_to_c_name_address_lib_prefix='sed -n -e '\''s/^: \([^ ]*\)[ ]*$/  {\"\1\", (void *) 0},/p'\'' -e '\''s/^[ABCDGIRSTW]* \([^ ]*\) \(lib[^ ]*\)$/  {"\2", (void *) \&\2},/p'\'' -e '\''s/^[ABCDGIRSTW]* \([^ ]*\) \([^ ]*\)$/  {"lib\2", (void *) \&\2},/p'\'''
lt_cv_sys_global_symbol_to_cdecl='sed -n -e '\''s/^T .* \(.*\)$/extern int \1();/p'\'' -e '\''s/^[ABCDGIRSTW]* .* \(.*\)$/extern char \1;/p'\'''
lt_cv_sys_max_cmd_len=1572864
lt_cv_to_host_file_cmd=func_convert_file_noop
lt_cv_to_tool_file_cmd=func_convert_file_noop
php_cv_cc_dashr=no
php_cv_cc_rpath=yes

## ----------------- ##
## Output variables. ##
## ----------------- ##

AR='ar'
AWK='gawk'
CC='cc'
CFLAGS='-g -O2'
CONFIGURE_COMMAND=' '\''./configure'\''  '\''--enable-memcache'\'' '\''--with-php-config=/usr/bin/php-config'\'' '\''-with-zlib-dir'\'''
CONFIGURE_OPTIONS=' '\''--enable-memcache'\'' '\''--with-php-config=/usr/bin/php-config'\'' '\''-with-zlib-dir'\'''
CPP='cc -E'
CPPFLAGS=' -DHAVE_CONFIG_H'
DEFS='-DHAVE_CONFIG_H'
DLLTOOL='false'
DSYMUTIL=''
DUMPBIN=''
ECHO_C=''
ECHO_N='-n'
ECHO_T=''
EGREP='/usr/bin/grep -E'
EXEEXT=''
FGREP='/usr/bin/grep -F'
GREP='/usr/bin/grep'
LD='/usr/bin/ld -m elf_x86_64'
LDFLAGS=''
LIBOBJS=''
LIBS=''
LIBTOOL='$(SHELL) $(top_builddir)/libtool'
LIPO=''
LN_S='ln -s'
LTLIBOBJS=''
MANIFEST_TOOL=':'
NM='/usr/bin/nm -B'
NMEDIT=''
OBJDUMP='objdump'
OBJEXT='o'
OTOOL64=''
OTOOL=''
PACKAGE_BUGREPORT=''
PACKAGE_NAME=''
PACKAGE_STRING=''
PACKAGE_TARNAME=''
PACKAGE_URL=''
PACKAGE_VERSION=''
PATH_SEPARATOR=':'
RANLIB='ranlib'
RE2C='exit 0;'
SED='/usr/bin/sed'
SHELL='/bin/sh'
SHLIB_DL_SUFFIX_NAME='so'
SHLIB_SUFFIX_NAME='so'
STRIP='strip'
ac_ct_AR='ar'
ac_ct_CC='cc'
ac_ct_DUMPBIN=''
bindir='${exec_prefix}/bin'
build='x86_64-unknown-linux-gnu'
build_alias=''
build_cpu='x86_64'
build_os='linux-gnu'
build_vendor='unknown'
datadir='${datarootdir}'
datarootdir='${prefix}/share'
docdir='${datarootdir}/doc/${PACKAGE}'
dvidir='${docdir}'
exec_prefix='$(prefix)'
host='x86_64-unknown-linux-gnu'
host_alias='x86_64-unknown-linux-gnu'
host_cpu='x86_64'
host_os='linux-gnu'
host_vendor='unknown'
htmldir='${docdir}'
includedir='${prefix}/include'
infodir='${datarootdir}/info'
libdir='${exec_prefix}/lib'
libexecdir='${exec_prefix}/libexec'
localedir='${datarootdir}/locale'
localstatedir='${prefix}/var'
mandir='${datarootdir}/man'
oldincludedir='/usr/include'
pdfdir='${docdir}'
prefix='/usr'
program_transform_name='s,x,x,'
psdir='${docdir}'
sbindir='${exec_prefix}/sbin'
sharedstatedir='${prefix}/com'
sysconfdir='${prefix}/etc'
target='x86_64-unknown-linux-gnu'
target_alias=''
target_cpu='x86_64'
target_os='linux-gnu'
target_vendor='unknown'

## ----------- ##
## confdefs.h. ##
## ----------- ##

/* confdefs.h */
#define PACKAGE_NAME ""
#define PACKAGE_TARNAME ""
#define PACKAGE_VERSION ""
#define PACKAGE_STRING ""
#define PACKAGE_BUGREPORT ""
#define PACKAGE_URL ""
#define HAVE_MEMCACHE_SESSION 1
#define HAVE_MEMCACHE 1
#define COMPILE_DL_MEMCACHE 1
#define STDC_HEADERS 1
#define HAVE_SYS_TYPES_H 1
#define HAVE_SYS_STAT_H 1
#define HAVE_STDLIB_H 1
#define HAVE_STRING_H 1
#define HAVE_MEMORY_H 1
#define HAVE_STRINGS_H 1
#define HAVE_INTTYPES_H 1
#define HAVE_STDINT_H 1
#define HAVE_UNISTD_H 1
#define HAVE_DLFCN_H 1
#define LT_OBJDIR ".libs/"

configure: exit 0
